<?xml version="1.0" encoding="UTF-8"?>
<testng-results skipped="0" failed="0" total="1" passed="1">
  <reporter-output>
  </reporter-output>
  <suite name="Default suite" duration-ms="14173" started-at="2019-03-25T03:07:12Z" finished-at="2019-03-25T03:07:27Z">
    <groups>
    </groups>
    <test name="Default test" duration-ms="14173" started-at="2019-03-25T03:07:12Z" finished-at="2019-03-25T03:07:27Z">
      <class name="day01.login">
        <test-method status="PASS" signature="one()[pri:0, instance:day01.login@1ff8b8f]" name="one" is-config="true" duration-ms="6713" started-at="2019-03-25T11:07:12Z" finished-at="2019-03-25T11:07:19Z">
          <reporter-output>
          </reporter-output>
        </test-method> <!-- one -->
        <test-method status="PASS" signature="kaos()[pri:0, instance:day01.login@1ff8b8f]" name="kaos" duration-ms="5400" started-at="2019-03-25T11:07:19Z" finished-at="2019-03-25T11:07:25Z">
          <reporter-output>
          </reporter-output>
        </test-method> <!-- kaos -->
        <test-method status="PASS" signature="close()[pri:0, instance:day01.login@1ff8b8f]" name="close" is-config="true" duration-ms="2048" started-at="2019-03-25T11:07:25Z" finished-at="2019-03-25T11:07:27Z">
          <reporter-output>
          </reporter-output>
        </test-method> <!-- close -->
      </class> <!-- day01.login -->
    </test> <!-- Default test -->
  </suite> <!-- Default suite -->
</testng-results>
